d:\works\tsmaster_library\tsmaster_miniprogram\tsserialport\tsserialport\x64\debug\vc143.pdb
d:\works\tsmaster_library\tsmaster_miniprogram\tsserialport\tsserialport\x64\debug\vc143.idb
d:\works\tsmaster_library\tsmaster_miniprogram\tsserialport\tsserialport\x64\debug\tsmastercustomapidoc.obj
d:\works\tsmaster_library\tsmaster_miniprogram\tsserialport\tsserialport\x64\debug\tsmasterbasesource.obj
d:\works\tsmaster_library\tsmaster_miniprogram\tsserialport\tsserialport\x64\debug\tsserialportextern.obj
d:\works\tsmaster_library\tsmaster_miniprogram\tsserialport\tsserialport\x64\debug\tsserialport.obj
d:\works\tsmaster_library\tsmaster_miniprogram\tsserialport\tsserialport\x64\debug\database.obj
f:\workspace\item_reference\yf\557e\ts_prj\bin\tsserialport.mp64
f:\workspace\item_reference\yf\557e\ts_prj\bin\tsserialport.pdb
f:\workspace\item_reference\yf\557e\ts_prj\bin\tsserialport.lib
f:\workspace\item_reference\yf\557e\ts_prj\bin\tsserialport.exp
d:\works\tsmaster_library\tsmaster_miniprogram\tsserialport\tsserialport\x64\debug\tsserialport.ilk
d:\works\tsmaster_library\tsmaster_miniprogram\tsserialport\tsserialport\x64\debug\tsserialport.tlog\cl.command.1.tlog
d:\works\tsmaster_library\tsmaster_miniprogram\tsserialport\tsserialport\x64\debug\tsserialport.tlog\cl.items.tlog
d:\works\tsmaster_library\tsmaster_miniprogram\tsserialport\tsserialport\x64\debug\tsserialport.tlog\cl.read.1.tlog
d:\works\tsmaster_library\tsmaster_miniprogram\tsserialport\tsserialport\x64\debug\tsserialport.tlog\cl.write.1.tlog
d:\works\tsmaster_library\tsmaster_miniprogram\tsserialport\tsserialport\x64\debug\tsserialport.tlog\link.command.1.tlog
d:\works\tsmaster_library\tsmaster_miniprogram\tsserialport\tsserialport\x64\debug\tsserialport.tlog\link.read.1.tlog
d:\works\tsmaster_library\tsmaster_miniprogram\tsserialport\tsserialport\x64\debug\tsserialport.tlog\link.secondary.1.tlog
d:\works\tsmaster_library\tsmaster_miniprogram\tsserialport\tsserialport\x64\debug\tsserialport.tlog\link.write.1.tlog
