d:\works\tsmaster_library\tsmaster_miniprogram\tsserialport\tsserialport\x64\release\vc143.pdb
d:\works\tsmaster_library\tsmaster_miniprogram\tsserialport\tsserialport\x64\release\tsmastercustomapidoc.obj
d:\works\tsmaster_library\tsmaster_miniprogram\tsserialport\tsserialport\x64\release\tsmasterbasesource.obj
d:\works\tsmaster_library\tsmaster_miniprogram\tsserialport\tsserialport\x64\release\tsserialportextern.obj
d:\works\tsmaster_library\tsmaster_miniprogram\tsserialport\tsserialport\x64\release\tsserialport.obj
d:\works\tsmaster_library\tsmaster_miniprogram\tsserialport\tsserialport\x64\release\database.obj
f:\workspace\item_reference\yf\557e\ts_prj\bin\tsserialport.mp64
f:\workspace\item_reference\yf\557e\ts_prj\bin\tsserialport.pdb
f:\workspace\item_reference\yf\557e\ts_prj\bin\tsserialport.lib
f:\workspace\item_reference\yf\557e\ts_prj\bin\tsserialport.exp
d:\works\tsmaster_library\tsmaster_miniprogram\tsserialport\tsserialport\x64\release\tsserialport.ipdb
d:\works\tsmaster_library\tsmaster_miniprogram\tsserialport\tsserialport\x64\release\tsserialport.iobj
d:\works\tsmaster_library\tsmaster_miniprogram\tsserialport\tsserialport\x64\release\tsserialport.tlog\cl.command.1.tlog
d:\works\tsmaster_library\tsmaster_miniprogram\tsserialport\tsserialport\x64\release\tsserialport.tlog\cl.items.tlog
d:\works\tsmaster_library\tsmaster_miniprogram\tsserialport\tsserialport\x64\release\tsserialport.tlog\cl.read.1.tlog
d:\works\tsmaster_library\tsmaster_miniprogram\tsserialport\tsserialport\x64\release\tsserialport.tlog\cl.write.1.tlog
d:\works\tsmaster_library\tsmaster_miniprogram\tsserialport\tsserialport\x64\release\tsserialport.tlog\link.command.1.tlog
d:\works\tsmaster_library\tsmaster_miniprogram\tsserialport\tsserialport\x64\release\tsserialport.tlog\link.read.1.tlog
d:\works\tsmaster_library\tsmaster_miniprogram\tsserialport\tsserialport\x64\release\tsserialport.tlog\link.secondary.1.tlog
d:\works\tsmaster_library\tsmaster_miniprogram\tsserialport\tsserialport\x64\release\tsserialport.tlog\link.write.1.tlog
